<?xml version="1.0" encoding="UTF-8"?>
<testsuite xmlns:xsi="http://www.w3.org/2001/XMLSchema-instance" xsi:noNamespaceSchemaLocation="https://maven.apache.org/surefire/maven-surefire-plugin/xsd/surefire-test-report-3.0.xsd" version="3.0" name="ru.GB.AppTest" time="0.007" tests="1" errors="0" skipped="0" failures="0">
  <properties>
    <property name="sun.desktop" value="windows"/>
    <property name="awt.toolkit" value="sun.awt.windows.WToolkit"/>
    <property name="file.encoding.pkg" value="sun.io"/>
    <property name="java.specification.version" value="1.8"/>
    <property name="sun.cpu.isalist" value="amd64"/>
    <property name="sun.jnu.encoding" value="Cp1251"/>
    <property name="java.class.path" value="C:\Users\apple\OneDrive\Рабочий стол\ОбучениеJava\Фреймворк Spring\HomeWork1_Spring\target\test-classes;C:\Users\apple\OneDrive\Рабочий стол\ОбучениеJava\Фреймворк Spring\HomeWork1_Spring\target\classes;C:\Users\apple\.m2\repository\junit\junit\3.8.1\junit-3.8.1.jar;"/>
    <property name="java.vm.vendor" value="Amazon.com Inc."/>
    <property name="sun.arch.data.model" value="64"/>
    <property name="user.variant" value=""/>
    <property name="java.vendor.url" value="https://aws.amazon.com/corretto/"/>
    <property name="user.timezone" value="Europe/Moscow"/>
    <property name="java.vm.specification.version" value="1.8"/>
    <property name="os.name" value="Windows 11"/>
    <property name="user.country" value="RU"/>
    <property name="sun.java.launcher" value="SUN_STANDARD"/>
    <property name="sun.boot.library.path" value="C:\Users\apple\.jdks\corretto-1.8.0_402\jre\bin"/>
    <property name="sun.java.command" value="C:\Users\apple\AppData\Local\Temp\surefire8680032003887630322\surefirebooter-20240317224525648_3.jar C:\Users\apple\AppData\Local\Temp\surefire8680032003887630322 2024-03-17T22-45-24_554-jvmRun1 surefire-20240317224525648_1tmp surefire_0-20240317224525648_2tmp"/>
    <property name="surefire.test.class.path" value="C:\Users\apple\OneDrive\Рабочий стол\ОбучениеJava\Фреймворк Spring\HomeWork1_Spring\target\test-classes;C:\Users\apple\OneDrive\Рабочий стол\ОбучениеJava\Фреймворк Spring\HomeWork1_Spring\target\classes;C:\Users\apple\.m2\repository\junit\junit\3.8.1\junit-3.8.1.jar;"/>
    <property name="sun.cpu.endian" value="little"/>
    <property name="user.home" value="C:\Users\apple"/>
    <property name="user.language" value="ru"/>
    <property name="java.specification.vendor" value="Oracle Corporation"/>
    <property name="java.home" value="C:\Users\apple\.jdks\corretto-1.8.0_402\jre"/>
    <property name="basedir" value="C:\Users\apple\OneDrive\Рабочий стол\ОбучениеJava\Фреймворк Spring\HomeWork1_Spring"/>
    <property name="file.separator" value="\"/>
    <property name="line.separator" value="&#10;"/>
    <property name="java.vm.specification.vendor" value="Oracle Corporation"/>
    <property name="java.specification.name" value="Java Platform API Specification"/>
    <property name="java.awt.graphicsenv" value="sun.awt.Win32GraphicsEnvironment"/>
    <property name="surefire.real.class.path" value="C:\Users\apple\AppData\Local\Temp\surefire8680032003887630322\surefirebooter-20240317224525648_3.jar"/>
    <property name="sun.boot.class.path" value="C:\Users\apple\.jdks\corretto-1.8.0_402\jre\lib\resources.jar;C:\Users\apple\.jdks\corretto-1.8.0_402\jre\lib\rt.jar;C:\Users\apple\.jdks\corretto-1.8.0_402\jre\lib\sunrsasign.jar;C:\Users\apple\.jdks\corretto-1.8.0_402\jre\lib\jsse.jar;C:\Users\apple\.jdks\corretto-1.8.0_402\jre\lib\jce.jar;C:\Users\apple\.jdks\corretto-1.8.0_402\jre\lib\charsets.jar;C:\Users\apple\.jdks\corretto-1.8.0_402\jre\lib\jfr.jar;C:\Users\apple\.jdks\corretto-1.8.0_402\jre\classes"/>
    <property name="user.script" value=""/>
    <property name="sun.management.compiler" value="HotSpot 64-Bit Tiered Compilers"/>
    <property name="java.runtime.version" value="1.8.0_402-b08"/>
    <property name="user.name" value="apple"/>
    <property name="path.separator" value=";"/>
    <property name="os.version" value="10.0"/>
    <property name="java.endorsed.dirs" value="C:\Users\apple\.jdks\corretto-1.8.0_402\jre\lib\endorsed"/>
    <property name="java.runtime.name" value="OpenJDK Runtime Environment"/>
    <property name="file.encoding" value="Cp1251"/>
    <property name="java.vm.name" value="OpenJDK 64-Bit Server VM"/>
    <property name="localRepository" value="C:\Users\apple\.m2\repository"/>
    <property name="java.vendor.url.bug" value="https://github.com/corretto/corretto-8/issues/"/>
    <property name="java.io.tmpdir" value="C:\Users\apple\AppData\Local\Temp\"/>
    <property name="idea.version" value="2023.2"/>
    <property name="java.version" value="1.8.0_402"/>
    <property name="user.dir" value="C:\Users\apple\OneDrive\Рабочий стол\ОбучениеJava\Фреймворк Spring\HomeWork1_Spring"/>
    <property name="os.arch" value="amd64"/>
    <property name="java.vm.specification.name" value="Java Virtual Machine Specification"/>
    <property name="java.awt.printerjob" value="sun.awt.windows.WPrinterJob"/>
    <property name="sun.os.patch.level" value=""/>
    <property name="java.library.path" value="C:\Users\apple\.jdks\corretto-1.8.0_402\jre\bin;C:\Windows\Sun\Java\bin;C:\Windows\system32;C:\Windows;C:\Program Files\Common Files\Oracle\Java\javapath;C:\Windows\system32;C:\Windows;C:\Windows\System32\Wbem;C:\Windows\System32\WindowsPowerShell\v1.0\;C:\Windows\System32\OpenSSH\;C:\Program Files\Git\cmd;C:\Program Files\dotnet\;C:\Users\apple\AppData\Local\Microsoft\WindowsApps;C:\Users\apple\AppData\Local\Programs\Microsoft VS Code\bin;C:\Users\apple\.dotnet\tools;C:\Program Files\JetBrains\IntelliJ IDEA Community Edition 2023.2\bin;;C:\Program Files\MySQL\MySQL Shell 8.0\bin\;C:\Program Files\Java\jdk-20\bin;C:\Program Files\Java\jdk-20\bin;C:\Program Files\apache-maven-3.9.6-bin\apache-maven-3.9.6\bin;;."/>
    <property name="java.vm.info" value="mixed mode"/>
    <property name="java.vendor" value="Amazon.com Inc."/>
    <property name="java.vm.version" value="25.402-b08"/>
    <property name="java.specification.maintenance.version" value="5"/>
    <property name="java.ext.dirs" value="C:\Users\apple\.jdks\corretto-1.8.0_402\jre\lib\ext;C:\Windows\Sun\Java\lib\ext"/>
    <property name="sun.io.unicode.encoding" value="UnicodeLittle"/>
    <property name="java.class.version" value="52.0"/>
  </properties>
  <testcase name="testApp" classname="ru.GB.AppTest" time="0.001"/>
</testsuite>